<?xml version="1.0" encoding="UTF-8"?>
<!-- Generated by org.testng.reporters.JUnitReportReporter -->
<testsuite hostname="Binitas-MacBook-Pro.local" failures="0" tests="2" name="testNGbasics.TestNGbasicCode" time="9.710" errors="0" timestamp="2023-07-19T18:52:35 PDT" skipped="0">
  <testcase classname="testNGbasics.TestNGbasicCode" name="handlingWindows" time="2.829"/>
  <testcase classname="testNGbasics.TestNGbasicCode" name="handlingAlert" time="6.881"/>
</testsuite> <!-- testNGbasics.TestNGbasicCode -->
