<?xml version="1.0" encoding="UTF-8"?>
<!-- Generated by org.testng.reporters.JUnitReportReporter -->
<testsuite hostname="Binitas-MacBook-Pro.local" failures="0" tests="2" name="testNGbasics.Annotations" time="0.003" errors="0" timestamp="2023-07-19T18:52:35 PDT" skipped="0">
  <testcase classname="testNGbasics.Annotations" name="test1" time="0.001"/>
  <testcase classname="testNGbasics.Annotations" name="test2" time="0.002"/>
</testsuite> <!-- testNGbasics.Annotations -->
